#
# There is insufficient memory for the Java Runtime Environment to continue.
# Native memory allocation (mmap) failed to map 307232768 bytes for G1 virtual space
# Possible reasons:
#   The system is out of physical RAM or swap space
#   The process is running with CompressedOops enabled, and the Java Heap may be blocking the growth of the native heap
# Possible solutions:
#   Reduce memory load on the system
#   Increase physical memory or swap space
#   Check if swap backing store is full
#   Decrease Java heap size (-Xmx/-Xms)
#   Decrease number of Java threads
#   Decrease Java thread stack sizes (-Xss)
#   Set larger code cache with -XX:ReservedCodeCacheSize=
#   JVM is running with Unscaled Compressed Oops mode in which the Java heap is
#     placed in the first 4GB address space. The Java Heap base address is the
#     maximum limit for the native heap growth. Please use -XX:HeapBaseMinAddress
#     to set the Java Heap base and to place the Java Heap above 4GB virtual address.
# This output file may be truncated or incomplete.
#
#  Out of Memory Error (os_windows.cpp:3613), pid=12780, tid=1216
#
# JRE version: OpenJDK Runtime Environment Microsoft-8552009 (17.0.9+8) (build 17.0.9+8-LTS)
# Java VM: OpenJDK 64-Bit Server VM Microsoft-8552009 (17.0.9+8-LTS, mixed mode, emulated-client, sharing, tiered, compressed oops, compressed class ptrs, g1 gc, windows-amd64)
# No core dump will be written. Minidumps are not enabled by default on client versions of Windows
#

---------------  S U M M A R Y ------------

Command Line: -Dquarkus-internal.serialized-app-model.path=C:\Users\José\Documents\UniLaSalle\I5-RIOC-FISE\JAVA\flight-api\target\quarkus\bootstrap\dev-app-model.dat -javaagent:C:\Users\José\.m2\repository\io\quarkus\quarkus-class-change-agent\3.5.1\quarkus-class-change-agent-3.5.1.jar -XX:TieredStopAtLevel=1 -agentlib:jdwp=transport=dt_socket,address=localhost:5005,server=y,suspend=n -Djava.util.logging.manager=org.jboss.logmanager.LogManager C:\Users\José\Documents\UniLaSalle\I5-RIOC-FISE\JAVA\flight-api\target\flight-api-dev.jar

Host: Intel(R) Core(TM) i3-6100U CPU @ 2.30GHz, 4 cores, 7G,  Windows 10 , 64 bit Build 19041 (10.0.19041.3636)
Time: Mon Nov 13 17:04:46 2023 Hora estándar romance elapsed time: 16.940675 seconds (0d 0h 0m 16s)

---------------  T H R E A D  ---------------

Current thread (0x0000026f5c6ad7b0):  VMThread "VM Thread" [stack: 0x0000008ba0a00000,0x0000008ba0b00000] [id=1216]

Stack: [0x0000008ba0a00000,0x0000008ba0b00000]
Native frames: (J=compiled Java code, j=interpreted, Vv=VM code, C=native code)
V  [jvm.dll+0x67f089]
V  [jvm.dll+0x836eca]
V  [jvm.dll+0x83898e]
V  [jvm.dll+0x838ff3]
V  [jvm.dll+0x247fff]
V  [jvm.dll+0x67bea9]
V  [jvm.dll+0x6707fa]
V  [jvm.dll+0x309f7b]
V  [jvm.dll+0x311426]
V  [jvm.dll+0x3611ee]
V  [jvm.dll+0x36141f]
V  [jvm.dll+0x2e0b88]
V  [jvm.dll+0x2ded64]
V  [jvm.dll+0x2de36c]
V  [jvm.dll+0x3223db]
V  [jvm.dll+0x83d4eb]
V  [jvm.dll+0x83e231]
V  [jvm.dll+0x83e74d]
V  [jvm.dll+0x83eb24]
V  [jvm.dll+0x83ebf0]
V  [jvm.dll+0x7e636a]
V  [jvm.dll+0x67df75]
C  [ucrtbase.dll+0x21bb2]
C  [KERNEL32.DLL+0x17344]
C  [ntdll.dll+0x526b1]

VM_Operation (0x0000008ba24f9740): G1CollectForAllocation, mode: safepoint, requested by thread 0x0000026f6305c030


---------------  P R O C E S S  ---------------

Threads class SMR info:
_java_thread_list=0x0000026f62f577c0, length=24, elements={
0x0000026f4ad7e140, 0x0000026f5c6b23c0, 0x0000026f5c6b3240, 0x0000026f5c6cafc0,
0x0000026f5c6cdc50, 0x0000026f5c6d0790, 0x0000026f5c6d1150, 0x0000026f5c6d1bc0,
0x0000026f5c6d25c0, 0x0000026f5c69ab40, 0x0000026f611d2a20, 0x0000026f611d48e0,
0x0000026f611d9100, 0x0000026f6128ebe0, 0x0000026f6128f0c0, 0x0000026f6128f5a0,
0x0000026f6205b810, 0x0000026f622e0140, 0x0000026f63056f30, 0x0000026f63059cc0,
0x0000026f630597b0, 0x0000026f6305b100, 0x0000026f63057e60, 0x0000026f6305c030
}

Java Threads: ( => current thread )
  0x0000026f4ad7e140 JavaThread "main" [_thread_blocked, id=1276, stack(0x0000008ba0400000,0x0000008ba0500000)]
  0x0000026f5c6b23c0 JavaThread "Reference Handler" daemon [_thread_blocked, id=12148, stack(0x0000008ba0b00000,0x0000008ba0c00000)]
  0x0000026f5c6b3240 JavaThread "Finalizer" daemon [_thread_blocked, id=11380, stack(0x0000008ba0c00000,0x0000008ba0d00000)]
  0x0000026f5c6cafc0 JavaThread "Signal Dispatcher" daemon [_thread_blocked, id=8424, stack(0x0000008ba0d00000,0x0000008ba0e00000)]
  0x0000026f5c6cdc50 JavaThread "Attach Listener" daemon [_thread_blocked, id=11028, stack(0x0000008ba0e00000,0x0000008ba0f00000)]
  0x0000026f5c6d0790 JavaThread "Service Thread" daemon [_thread_blocked, id=11296, stack(0x0000008ba0f00000,0x0000008ba1000000)]
  0x0000026f5c6d1150 JavaThread "Monitor Deflation Thread" daemon [_thread_blocked, id=6628, stack(0x0000008ba1000000,0x0000008ba1100000)]
  0x0000026f5c6d1bc0 JavaThread "C1 CompilerThread0" daemon [_thread_blocked, id=2364, stack(0x0000008ba1100000,0x0000008ba1200000)]
  0x0000026f5c6d25c0 JavaThread "Sweeper thread" daemon [_thread_blocked, id=11600, stack(0x0000008ba1200000,0x0000008ba1300000)]
  0x0000026f5c69ab40 JavaThread "Common-Cleaner" daemon [_thread_blocked, id=8484, stack(0x0000008ba1300000,0x0000008ba1400000)]
  0x0000026f611d2a20 JavaThread "JDWP Transport Listener: dt_socket" daemon [_thread_in_native, id=4728, stack(0x0000008ba1400000,0x0000008ba1500000)]
  0x0000026f611d48e0 JavaThread "JDWP Event Helper Thread" daemon [_thread_blocked, id=9112, stack(0x0000008ba1500000,0x0000008ba1600000)]
  0x0000026f611d9100 JavaThread "Notification Thread" daemon [_thread_blocked, id=7856, stack(0x0000008ba1600000,0x0000008ba1700000)]
  0x0000026f6128ebe0 JavaThread "Reference Reaper #1" daemon [_thread_blocked, id=11092, stack(0x0000008ba1800000,0x0000008ba1900000)]
  0x0000026f6128f0c0 JavaThread "Reference Reaper #2" daemon [_thread_blocked, id=9168, stack(0x0000008ba1900000,0x0000008ba1a00000)]
  0x0000026f6128f5a0 JavaThread "Reference Reaper #3" daemon [_thread_blocked, id=7432, stack(0x0000008ba1a00000,0x0000008ba1b00000)]
  0x0000026f6205b810 JavaThread "Quarkus Devmode keep alive thread" [_thread_blocked, id=7620, stack(0x0000008ba2000000,0x0000008ba2100000)]
  0x0000026f622e0140 JavaThread "ForkJoinPool.commonPool-worker-1" daemon [_thread_blocked, id=4932, stack(0x0000008ba2100000,0x0000008ba2200000)]
  0x0000026f63056f30 JavaThread "WindowsStreamPump" daemon [_thread_in_native, id=8252, stack(0x0000008ba9500000,0x0000008ba9600000)]
  0x0000026f63059cc0 JavaThread "Aesh InputStream Reader" daemon [_thread_blocked, id=12140, stack(0x0000008ba9600000,0x0000008ba9700000)]
  0x0000026f630597b0 JavaThread "H2 TCP Server (tcp://192.168.56.1:49808)" [_thread_in_native, id=11364, stack(0x0000008ba9700000,0x0000008ba9800000)]
  0x0000026f6305b100 JavaThread "ForkJoinPool.commonPool-worker-2" daemon [_thread_blocked, id=7756, stack(0x0000008ba2200000,0x0000008ba2300000)]
  0x0000026f63057e60 JavaThread "ForkJoinPool.commonPool-worker-3" daemon [_thread_blocked, id=10472, stack(0x0000008ba2300000,0x0000008ba2400000)]
  0x0000026f6305c030 JavaThread "Quarkus Main Thread" [_thread_blocked, id=13936, stack(0x0000008ba2400000,0x0000008ba2500000)]

Other Threads:
=>0x0000026f5c6ad7b0 VMThread "VM Thread" [stack: 0x0000008ba0a00000,0x0000008ba0b00000] [id=1216]
  0x0000026f4ad8e8f0 WatcherThread [stack: 0x0000008ba1700000,0x0000008ba1800000] [id=544]
  0x0000026f4ade63c0 GCTaskThread "GC Thread#0" [stack: 0x0000008ba0500000,0x0000008ba0600000] [id=11392]
  0x0000026f613c6650 GCTaskThread "GC Thread#1" [stack: 0x0000008ba1b00000,0x0000008ba1c00000] [id=3192]
  0x0000026f613c6910 GCTaskThread "GC Thread#2" [stack: 0x0000008ba1c00000,0x0000008ba1d00000] [id=13224]
  0x0000026f6140ad60 GCTaskThread "GC Thread#3" [stack: 0x0000008ba1d00000,0x0000008ba1e00000] [id=12824]
  0x0000026f4adf8db0 ConcurrentGCThread "G1 Main Marker" [stack: 0x0000008ba0600000,0x0000008ba0700000] [id=11276]
  0x0000026f4adf9f70 ConcurrentGCThread "G1 Conc#0" [stack: 0x0000008ba0700000,0x0000008ba0800000] [id=13416]
  0x0000026f4ae4d230 ConcurrentGCThread "G1 Refine#0" [stack: 0x0000008ba0800000,0x0000008ba0900000] [id=9872]
  0x0000026f61555c70 ConcurrentGCThread "G1 Refine#1" [stack: 0x0000008ba1e00000,0x0000008ba1f00000] [id=8108]
  0x0000026f617f5140 ConcurrentGCThread "G1 Refine#2" [stack: 0x0000008ba1f00000,0x0000008ba2000000] [id=1704]
  0x0000026f4ae4dc60 ConcurrentGCThread "G1 Service" [stack: 0x0000008ba0900000,0x0000008ba0a00000] [id=9368]

Threads with active compile tasks:

VM state: at safepoint (normal execution)

VM Mutex/Monitor currently owned by a thread:  ([mutex/lock_event])
[0x0000026f4ad8a7e0] Threads_lock - owner thread: 0x0000026f5c6ad7b0
[0x0000026f4ad89f70] Heap_lock - owner thread: 0x0000026f6305c030

Heap address: 0x0000000082c00000, size: 2004 MB, Compressed Oops mode: 32-bit

CDS archive(s) mapped at: [0x0000026f00000000-0x0000026f00ba0000-0x0000026f00ba0000), size 12189696, SharedBaseAddress: 0x0000026f00000000, ArchiveRelocationMode: 1.
Compressed class space mapped at: 0x0000026f01000000-0x0000026f41000000, reserved size: 1073741824
Narrow klass base: 0x0000026f00000000, Narrow klass shift: 0, Narrow klass range: 0x100000000

GC Precious Log:
 CPUs: 4 total, 4 available
 Memory: 8011M
 Large Page Support: Disabled
 NUMA Support: Disabled
 Compressed Oops: Enabled (32-bit)
 Heap Region Size: 1M
 Heap Min Capacity: 8M
 Heap Initial Capacity: 126M
 Heap Max Capacity: 2004M
 Pre-touch: Disabled
 Parallel Workers: 4
 Concurrent Workers: 1
 Concurrent Refinement Workers: 4
 Periodic GC: Disabled

Heap:
 garbage-first heap   total 208896K, used 77207K [0x0000000082c00000, 0x0000000100000000)
  region size 1024K, 3 young (3072K), 3 survivors (3072K)
 Metaspace       used 60068K, committed 60672K, reserved 1114112K
  class space    used 8255K, committed 8576K, reserved 1048576K

Heap Regions: E=young(eden), S=young(survivor), O=old, HS=humongous(starts), HC=humongous(continues), CS=collection set, F=free, OA=open archive, CA=closed archive, TAMS=top-at-mark-start (previous, next)
|   0|0x0000000082c00000, 0x0000000082d00000, 0x0000000082d00000|100%| O|  |TAMS 0x0000000082d00000, 0x0000000082d00000| Untracked 
|   1|0x0000000082d00000, 0x0000000082e00000, 0x0000000082e00000|100%| O|  |TAMS 0x0000000082e00000, 0x0000000082e00000| Untracked 
|   2|0x0000000082e00000, 0x0000000082f00000, 0x0000000082f00000|100%|HS|  |TAMS 0x0000000082f00000, 0x0000000082f00000| Complete 
|   3|0x0000000082f00000, 0x0000000083000000, 0x0000000083000000|100%| O|  |TAMS 0x0000000083000000, 0x0000000083000000| Untracked 
|   4|0x0000000083000000, 0x0000000083100000, 0x0000000083100000|100%| O|  |TAMS 0x0000000083100000, 0x0000000083100000| Untracked 
|   5|0x0000000083100000, 0x0000000083200000, 0x0000000083200000|100%| O|  |TAMS 0x0000000083200000, 0x0000000083200000| Untracked 
|   6|0x0000000083200000, 0x0000000083300000, 0x0000000083300000|100%| O|  |TAMS 0x0000000083300000, 0x0000000083300000| Untracked 
|   7|0x0000000083300000, 0x0000000083400000, 0x0000000083400000|100%| O|  |TAMS 0x0000000083400000, 0x0000000083400000| Untracked 
|   8|0x0000000083400000, 0x0000000083500000, 0x0000000083500000|100%| O|  |TAMS 0x0000000083500000, 0x0000000083500000| Untracked 
|   9|0x0000000083500000, 0x0000000083600000, 0x0000000083600000|100%| O|  |TAMS 0x0000000083600000, 0x0000000083600000| Untracked 
|  10|0x0000000083600000, 0x0000000083700000, 0x0000000083700000|100%| O|  |TAMS 0x0000000083700000, 0x0000000083700000| Untracked 
|  11|0x0000000083700000, 0x0000000083800000, 0x0000000083800000|100%| O|  |TAMS 0x0000000083800000, 0x0000000083800000| Untracked 
|  12|0x0000000083800000, 0x0000000083900000, 0x0000000083900000|100%| O|  |TAMS 0x0000000083900000, 0x0000000083900000| Untracked 
|  13|0x0000000083900000, 0x0000000083a00000, 0x0000000083a00000|100%|HS|  |TAMS 0x0000000083a00000, 0x0000000083a00000| Complete 
|  14|0x0000000083a00000, 0x0000000083b00000, 0x0000000083b00000|100%|HC|  |TAMS 0x0000000083b00000, 0x0000000083b00000| Complete 
|  15|0x0000000083b00000, 0x0000000083c00000, 0x0000000083c00000|100%| O|  |TAMS 0x0000000083c00000, 0x0000000083c00000| Untracked 
|  16|0x0000000083c00000, 0x0000000083d00000, 0x0000000083d00000|100%| O|  |TAMS 0x0000000083d00000, 0x0000000083d00000| Untracked 
|  17|0x0000000083d00000, 0x0000000083e00000, 0x0000000083e00000|100%| O|  |TAMS 0x0000000083e00000, 0x0000000083e00000| Untracked 
|  18|0x0000000083e00000, 0x0000000083f00000, 0x0000000083f00000|100%| O|  |TAMS 0x0000000083f00000, 0x0000000083f00000| Untracked 
|  19|0x0000000083f00000, 0x0000000084000000, 0x0000000084000000|100%| O|  |TAMS 0x0000000084000000, 0x0000000084000000| Untracked 
|  20|0x0000000084000000, 0x0000000084100000, 0x0000000084100000|100%| O|  |TAMS 0x0000000084100000, 0x0000000084100000| Untracked 
|  21|0x0000000084100000, 0x0000000084200000, 0x0000000084200000|100%| O|  |TAMS 0x0000000084100000, 0x0000000084200000| Untracked 
|  22|0x0000000084200000, 0x0000000084300000, 0x0000000084300000|100%| O|  |TAMS 0x0000000084300000, 0x0000000084300000| Untracked 
|  23|0x0000000084300000, 0x0000000084400000, 0x0000000084400000|100%| O|  |TAMS 0x0000000084400000, 0x0000000084400000| Untracked 
|  24|0x0000000084400000, 0x0000000084500000, 0x0000000084500000|100%| O|  |TAMS 0x0000000084500000, 0x0000000084500000| Untracked 
|  25|0x0000000084500000, 0x0000000084500000, 0x0000000084600000|  0%| F|  |TAMS 0x0000000084500000, 0x0000000084500000| Untracked 
|  26|0x0000000084600000, 0x0000000084700000, 0x0000000084700000|100%| O|  |TAMS 0x0000000084700000, 0x0000000084700000| Untracked 
|  27|0x0000000084700000, 0x0000000084800000, 0x0000000084800000|100%| O|  |TAMS 0x0000000084800000, 0x0000000084800000| Untracked 
|  28|0x0000000084800000, 0x0000000084900000, 0x0000000084900000|100%|HS|  |TAMS 0x0000000084900000, 0x0000000084900000| Complete 
|  29|0x0000000084900000, 0x0000000084a00000, 0x0000000084a00000|100%| O|  |TAMS 0x0000000084a00000, 0x0000000084a00000| Untracked 
|  30|0x0000000084a00000, 0x0000000084b00000, 0x0000000084b00000|100%| O|  |TAMS 0x0000000084b00000, 0x0000000084b00000| Untracked 
|  31|0x0000000084b00000, 0x0000000084c00000, 0x0000000084c00000|100%| O|  |TAMS 0x0000000084c00000, 0x0000000084c00000| Untracked 
|  32|0x0000000084c00000, 0x0000000084d00000, 0x0000000084d00000|100%| O|  |TAMS 0x0000000084d00000, 0x0000000084d00000| Untracked 
|  33|0x0000000084d00000, 0x0000000084e00000, 0x0000000084e00000|100%| O|  |TAMS 0x0000000084e00000, 0x0000000084e00000| Untracked 
|  34|0x0000000084e00000, 0x0000000084f00000, 0x0000000084f00000|100%| O|  |TAMS 0x0000000084f00000, 0x0000000084f00000| Untracked 
|  35|0x0000000084f00000, 0x0000000085000000, 0x0000000085000000|100%| O|  |TAMS 0x0000000085000000, 0x0000000085000000| Untracked 
|  36|0x0000000085000000, 0x0000000085100000, 0x0000000085100000|100%| O|  |TAMS 0x0000000085100000, 0x0000000085100000| Untracked 
|  37|0x0000000085100000, 0x0000000085200000, 0x0000000085200000|100%| O|  |TAMS 0x0000000085100000, 0x0000000085200000| Untracked 
|  38|0x0000000085200000, 0x0000000085300000, 0x0000000085300000|100%| O|  |TAMS 0x0000000085300000, 0x0000000085300000| Untracked 
|  39|0x0000000085300000, 0x0000000085400000, 0x0000000085400000|100%| O|  |TAMS 0x0000000085400000, 0x0000000085400000| Untracked 
|  40|0x0000000085400000, 0x0000000085500000, 0x0000000085500000|100%| O|  |TAMS 0x0000000085500000, 0x0000000085500000| Untracked 
|  41|0x0000000085500000, 0x0000000085600000, 0x0000000085600000|100%| O|  |TAMS 0x0000000085600000, 0x0000000085600000| Untracked 
|  42|0x0000000085600000, 0x0000000085700000, 0x0000000085700000|100%| O|  |TAMS 0x0000000085700000, 0x0000000085700000| Untracked 
|  43|0x0000000085700000, 0x0000000085800000, 0x0000000085800000|100%| O|  |TAMS 0x0000000085800000, 0x0000000085800000| Untracked 
|  44|0x0000000085800000, 0x0000000085900000, 0x0000000085900000|100%| O|  |TAMS 0x0000000085900000, 0x0000000085900000| Untracked 
|  45|0x0000000085900000, 0x0000000085900000, 0x0000000085a00000|  0%| F|  |TAMS 0x0000000085900000, 0x0000000085900000| Untracked 
|  46|0x0000000085a00000, 0x0000000085b00000, 0x0000000085b00000|100%| O|  |TAMS 0x0000000085b00000, 0x0000000085b00000| Untracked 
|  47|0x0000000085b00000, 0x0000000085c00000, 0x0000000085c00000|100%| O|  |TAMS 0x0000000085c00000, 0x0000000085c00000| Untracked 
|  48|0x0000000085c00000, 0x0000000085d00000, 0x0000000085d00000|100%| O|  |TAMS 0x0000000085d00000, 0x0000000085d00000| Untracked 
|  49|0x0000000085d00000, 0x0000000085e00000, 0x0000000085e00000|100%| O|  |TAMS 0x0000000085e00000, 0x0000000085e00000| Untracked 
|  50|0x0000000085e00000, 0x0000000085f00000, 0x0000000085f00000|100%| O|  |TAMS 0x0000000085f00000, 0x0000000085f00000| Untracked 
|  51|0x0000000085f00000, 0x0000000086000000, 0x0000000086000000|100%| O|  |TAMS 0x0000000086000000, 0x0000000086000000| Untracked 
|  52|0x0000000086000000, 0x0000000086100000, 0x0000000086100000|100%| O|  |TAMS 0x0000000086100000, 0x0000000086100000| Untracked 
|  53|0x0000000086100000, 0x0000000086200000, 0x0000000086200000|100%| O|  |TAMS 0x0000000086200000, 0x0000000086200000| Untracked 
|  54|0x0000000086200000, 0x0000000086300000, 0x0000000086300000|100%| O|  |TAMS 0x0000000086300000, 0x0000000086300000| Untracked 
|  55|0x0000000086300000, 0x0000000086400000, 0x0000000086400000|100%| O|  |TAMS 0x0000000086400000, 0x0000000086400000| Untracked 
|  56|0x0000000086400000, 0x0000000086500000, 0x0000000086500000|100%| O|  |TAMS 0x0000000086500000, 0x0000000086500000| Untracked 
|  57|0x0000000086500000, 0x0000000086600000, 0x0000000086600000|100%| O|  |TAMS 0x0000000086600000, 0x0000000086600000| Untracked 
|  58|0x0000000086600000, 0x0000000086700000, 0x0000000086700000|100%| O|  |TAMS 0x0000000086700000, 0x0000000086700000| Untracked 
|  59|0x0000000086700000, 0x0000000086800000, 0x0000000086800000|100%| O|  |TAMS 0x0000000086800000, 0x0000000086800000| Untracked 
|  60|0x0000000086800000, 0x0000000086900000, 0x0000000086900000|100%| O|  |TAMS 0x0000000086900000, 0x0000000086900000| Untracked 
|  61|0x0000000086900000, 0x0000000086a00000, 0x0000000086a00000|100%| O|  |TAMS 0x0000000086995800, 0x0000000086a00000| Untracked 
|  62|0x0000000086a00000, 0x0000000086b00000, 0x0000000086b00000|100%| O|  |TAMS 0x0000000086a00000, 0x0000000086b00000| Untracked 
|  63|0x0000000086b00000, 0x0000000086c00000, 0x0000000086c00000|100%| O|  |TAMS 0x0000000086b00000, 0x0000000086c00000| Untracked 
|  64|0x0000000086c00000, 0x0000000086d00000, 0x0000000086d00000|100%| O|  |TAMS 0x0000000086c00000, 0x0000000086d00000| Untracked 
|  65|0x0000000086d00000, 0x0000000086e00000, 0x0000000086e00000|100%| O|  |TAMS 0x0000000086d00000, 0x0000000086e00000| Untracked 
|  66|0x0000000086e00000, 0x0000000086f00000, 0x0000000086f00000|100%| O|  |TAMS 0x0000000086e00000, 0x0000000086f00000| Untracked 
|  67|0x0000000086f00000, 0x0000000087000000, 0x0000000087000000|100%| O|  |TAMS 0x0000000086f00000, 0x0000000087000000| Untracked 
|  68|0x0000000087000000, 0x0000000087100000, 0x0000000087100000|100%| O|  |TAMS 0x0000000087000000, 0x0000000087100000| Untracked 
|  69|0x0000000087100000, 0x0000000087200000, 0x0000000087200000|100%| O|  |TAMS 0x0000000087100000, 0x0000000087200000| Untracked 
|  70|0x0000000087200000, 0x0000000087300000, 0x0000000087300000|100%| O|  |TAMS 0x0000000087200000, 0x0000000087300000| Untracked 
|  71|0x0000000087300000, 0x0000000087400000, 0x0000000087400000|100%| O|  |TAMS 0x0000000087300000, 0x0000000087400000| Untracked 
|  72|0x0000000087400000, 0x0000000087500000, 0x0000000087500000|100%| O|  |TAMS 0x0000000087400000, 0x0000000087500000| Untracked 
|  73|0x0000000087500000, 0x0000000087600000, 0x0000000087600000|100%| O|  |TAMS 0x0000000087500000, 0x0000000087600000| Untracked 
|  74|0x0000000087600000, 0x0000000087670c00, 0x0000000087700000| 44%| O|  |TAMS 0x0000000087600000, 0x0000000087670c00| Untracked 
|  75|0x0000000087700000, 0x0000000087700000, 0x0000000087800000|  0%| F|  |TAMS 0x0000000087700000, 0x0000000087700000| Untracked 
|  76|0x0000000087800000, 0x0000000087800000, 0x0000000087900000|  0%| F|  |TAMS 0x0000000087800000, 0x0000000087800000| Untracked 
|  77|0x0000000087900000, 0x0000000087900000, 0x0000000087a00000|  0%| F|  |TAMS 0x0000000087900000, 0x0000000087900000| Untracked 
|  78|0x0000000087a00000, 0x0000000087a00000, 0x0000000087b00000|  0%| F|  |TAMS 0x0000000087a00000, 0x0000000087a00000| Untracked 
|  79|0x0000000087b00000, 0x0000000087b00000, 0x0000000087c00000|  0%| F|  |TAMS 0x0000000087b00000, 0x0000000087b00000| Untracked 
|  80|0x0000000087c00000, 0x0000000087c00000, 0x0000000087d00000|  0%| F|  |TAMS 0x0000000087c00000, 0x0000000087c00000| Untracked 
|  81|0x0000000087d00000, 0x0000000087d00000, 0x0000000087e00000|  0%| F|  |TAMS 0x0000000087d00000, 0x0000000087d00000| Untracked 
|  82|0x0000000087e00000, 0x0000000087e00000, 0x0000000087f00000|  0%| F|  |TAMS 0x0000000087e00000, 0x0000000087e00000| Untracked 
|  83|0x0000000087f00000, 0x0000000087f00000, 0x0000000088000000|  0%| F|  |TAMS 0x0000000087f00000, 0x0000000087f00000| Untracked 
|  84|0x0000000088000000, 0x0000000088000000, 0x0000000088100000|  0%| F|  |TAMS 0x0000000088000000, 0x0000000088000000| Untracked 
|  85|0x0000000088100000, 0x0000000088100000, 0x0000000088200000|  0%| F|  |TAMS 0x0000000088100000, 0x0000000088100000| Untracked 
|  86|0x0000000088200000, 0x0000000088200000, 0x0000000088300000|  0%| F|  |TAMS 0x0000000088200000, 0x0000000088200000| Untracked 
|  87|0x0000000088300000, 0x0000000088300000, 0x0000000088400000|  0%| F|  |TAMS 0x0000000088300000, 0x0000000088300000| Untracked 
|  88|0x0000000088400000, 0x0000000088400000, 0x0000000088500000|  0%| F|  |TAMS 0x0000000088400000, 0x0000000088400000| Untracked 
|  89|0x0000000088500000, 0x0000000088500000, 0x0000000088600000|  0%| F|  |TAMS 0x0000000088500000, 0x0000000088500000| Untracked 
|  90|0x0000000088600000, 0x0000000088600000, 0x0000000088700000|  0%| F|  |TAMS 0x0000000088600000, 0x0000000088600000| Untracked 
|  91|0x0000000088700000, 0x0000000088700000, 0x0000000088800000|  0%| F|  |TAMS 0x0000000088700000, 0x0000000088700000| Untracked 
|  92|0x0000000088800000, 0x0000000088800000, 0x0000000088900000|  0%| F|  |TAMS 0x0000000088800000, 0x0000000088800000| Untracked 
|  93|0x0000000088900000, 0x0000000088900000, 0x0000000088a00000|  0%| F|  |TAMS 0x0000000088900000, 0x0000000088900000| Untracked 
|  94|0x0000000088a00000, 0x0000000088a00000, 0x0000000088b00000|  0%| F|  |TAMS 0x0000000088a00000, 0x0000000088a00000| Untracked 
|  95|0x0000000088b00000, 0x0000000088b00000, 0x0000000088c00000|  0%| F|  |TAMS 0x0000000088b00000, 0x0000000088b00000| Untracked 
|  96|0x0000000088c00000, 0x0000000088c00000, 0x0000000088d00000|  0%| F|  |TAMS 0x0000000088c00000, 0x0000000088c00000| Untracked 
|  97|0x0000000088d00000, 0x0000000088d00000, 0x0000000088e00000|  0%| F|  |TAMS 0x0000000088d00000, 0x0000000088d00000| Untracked 
|  98|0x0000000088e00000, 0x0000000088e00000, 0x0000000088f00000|  0%| F|  |TAMS 0x0000000088e00000, 0x0000000088e00000| Untracked 
|  99|0x0000000088f00000, 0x0000000088f00000, 0x0000000089000000|  0%| F|  |TAMS 0x0000000088f00000, 0x0000000088f00000| Untracked 
| 100|0x0000000089000000, 0x0000000089000000, 0x0000000089100000|  0%| F|  |TAMS 0x0000000089000000, 0x0000000089000000| Untracked 
| 101|0x0000000089100000, 0x0000000089100000, 0x0000000089200000|  0%| F|  |TAMS 0x0000000089100000, 0x0000000089100000| Untracked 
| 102|0x0000000089200000, 0x0000000089200000, 0x0000000089300000|  0%| F|  |TAMS 0x0000000089200000, 0x0000000089200000| Untracked 
| 103|0x0000000089300000, 0x0000000089300000, 0x0000000089400000|  0%| F|  |TAMS 0x0000000089300000, 0x0000000089300000| Untracked 
| 104|0x0000000089400000, 0x0000000089400000, 0x0000000089500000|  0%| F|  |TAMS 0x0000000089400000, 0x0000000089400000| Untracked 
| 105|0x0000000089500000, 0x0000000089500000, 0x0000000089600000|  0%| F|  |TAMS 0x0000000089500000, 0x0000000089500000| Untracked 
| 106|0x0000000089600000, 0x0000000089600000, 0x0000000089700000|  0%| F|  |TAMS 0x0000000089600000, 0x0000000089600000| Untracked 
| 107|0x0000000089700000, 0x0000000089700000, 0x0000000089800000|  0%| F|  |TAMS 0x0000000089700000, 0x0000000089700000| Untracked 
| 108|0x0000000089800000, 0x0000000089800000, 0x0000000089900000|  0%| F|  |TAMS 0x0000000089800000, 0x0000000089800000| Untracked 
| 109|0x0000000089900000, 0x0000000089900000, 0x0000000089a00000|  0%| F|  |TAMS 0x0000000089900000, 0x0000000089900000| Untracked 
| 110|0x0000000089a00000, 0x0000000089a00000, 0x0000000089b00000|  0%| F|  |TAMS 0x0000000089a00000, 0x0000000089a00000| Untracked 
| 111|0x0000000089b00000, 0x0000000089b00000, 0x0000000089c00000|  0%| F|  |TAMS 0x0000000089b00000, 0x0000000089b00000| Untracked 
| 112|0x0000000089c00000, 0x0000000089c00000, 0x0000000089d00000|  0%| F|  |TAMS 0x0000000089c00000, 0x0000000089c00000| Untracked 
| 113|0x0000000089d00000, 0x0000000089d00000, 0x0000000089e00000|  0%| F|  |TAMS 0x0000000089d00000, 0x0000000089d00000| Untracked 
| 114|0x0000000089e00000, 0x0000000089e00000, 0x0000000089f00000|  0%| F|  |TAMS 0x0000000089e00000, 0x0000000089e00000| Untracked 
| 115|0x0000000089f00000, 0x0000000089f00000, 0x000000008a000000|  0%| F|  |TAMS 0x0000000089f00000, 0x0000000089f00000| Untracked 
| 116|0x000000008a000000, 0x000000008a000000, 0x000000008a100000|  0%| F|  |TAMS 0x000000008a000000, 0x000000008a000000| Untracked 
| 117|0x000000008a100000, 0x000000008a1f53c0, 0x000000008a200000| 95%| S|CS|TAMS 0x000000008a100000, 0x000000008a100000| Complete 
| 118|0x000000008a200000, 0x000000008a300000, 0x000000008a300000|100%| S|CS|TAMS 0x000000008a200000, 0x000000008a200000| Complete 
| 119|0x000000008a300000, 0x000000008a400000, 0x000000008a400000|100%| S|CS|TAMS 0x000000008a300000, 0x000000008a300000| Complete 
| 120|0x000000008a400000, 0x000000008a400000, 0x000000008a500000|  0%| F|  |TAMS 0x000000008a400000, 0x000000008a400000| Untracked 
| 121|0x000000008a500000, 0x000000008a500000, 0x000000008a600000|  0%| F|  |TAMS 0x000000008a500000, 0x000000008a500000| Untracked 
| 122|0x000000008a600000, 0x000000008a600000, 0x000000008a700000|  0%| F|  |TAMS 0x000000008a600000, 0x000000008a600000| Untracked 
| 123|0x000000008a700000, 0x000000008a700000, 0x000000008a800000|  0%| F|  |TAMS 0x000000008a700000, 0x000000008a700000| Untracked 
| 124|0x000000008a800000, 0x000000008a800000, 0x000000008a900000|  0%| F|  |TAMS 0x000000008a800000, 0x000000008a800000| Untracked 
| 125|0x000000008a900000, 0x000000008a900000, 0x000000008aa00000|  0%| F|  |TAMS 0x000000008a900000, 0x000000008a900000| Untracked 
| 126|0x000000008aa00000, 0x000000008aa00000, 0x000000008ab00000|  0%| F|  |TAMS 0x000000008aa00000, 0x000000008aa00000| Untracked 
| 127|0x000000008ab00000, 0x000000008ab00000, 0x000000008ac00000|  0%| F|  |TAMS 0x000000008ab00000, 0x000000008ab00000| Untracked 
| 128|0x000000008ac00000, 0x000000008ac00000, 0x000000008ad00000|  0%| F|  |TAMS 0x000000008ac00000, 0x000000008ac00000| Untracked 
| 129|0x000000008ad00000, 0x000000008ad00000, 0x000000008ae00000|  0%| F|  |TAMS 0x000000008ad00000, 0x000000008ad00000| Untracked 
| 130|0x000000008ae00000, 0x000000008ae00000, 0x000000008af00000|  0%| F|  |TAMS 0x000000008ae00000, 0x000000008ae00000| Untracked 
| 131|0x000000008af00000, 0x000000008af00000, 0x000000008b000000|  0%| F|  |TAMS 0x000000008af00000, 0x000000008af00000| Untracked 
| 132|0x000000008b000000, 0x000000008b000000, 0x000000008b100000|  0%| F|  |TAMS 0x000000008b000000, 0x000000008b000000| Untracked 
| 133|0x000000008b100000, 0x000000008b100000, 0x000000008b200000|  0%| F|  |TAMS 0x000000008b100000, 0x000000008b100000| Untracked 
| 134|0x000000008b200000, 0x000000008b200000, 0x000000008b300000|  0%| F|  |TAMS 0x000000008b200000, 0x000000008b200000| Untracked 
| 135|0x000000008b300000, 0x000000008b300000, 0x000000008b400000|  0%| F|  |TAMS 0x000000008b300000, 0x000000008b300000| Untracked 
| 136|0x000000008b400000, 0x000000008b400000, 0x000000008b500000|  0%| F|  |TAMS 0x000000008b400000, 0x000000008b400000| Untracked 
| 137|0x000000008b500000, 0x000000008b500000, 0x000000008b600000|  0%| F|  |TAMS 0x000000008b500000, 0x000000008b500000| Untracked 
| 138|0x000000008b600000, 0x000000008b600000, 0x000000008b700000|  0%| F|  |TAMS 0x000000008b600000, 0x000000008b600000| Untracked 
| 139|0x000000008b700000, 0x000000008b700000, 0x000000008b800000|  0%| F|  |TAMS 0x000000008b700000, 0x000000008b700000| Untracked 
| 140|0x000000008b800000, 0x000000008b800000, 0x000000008b900000|  0%| F|  |TAMS 0x000000008b800000, 0x000000008b800000| Untracked 
| 141|0x000000008b900000, 0x000000008b900000, 0x000000008ba00000|  0%| F|  |TAMS 0x000000008b900000, 0x000000008b900000| Untracked 
| 142|0x000000008ba00000, 0x000000008ba00000, 0x000000008bb00000|  0%| F|  |TAMS 0x000000008ba00000, 0x000000008ba00000| Untracked 
| 143|0x000000008bb00000, 0x000000008bb00000, 0x000000008bc00000|  0%| F|  |TAMS 0x000000008bb00000, 0x000000008bb00000| Untracked 
| 144|0x000000008bc00000, 0x000000008bc00000, 0x000000008bd00000|  0%| F|  |TAMS 0x000000008bc00000, 0x000000008bc00000| Untracked 
| 145|0x000000008bd00000, 0x000000008bd00000, 0x000000008be00000|  0%| F|  |TAMS 0x000000008bd00000, 0x000000008bd00000| Untracked 
| 146|0x000000008be00000, 0x000000008be00000, 0x000000008bf00000|  0%| F|  |TAMS 0x000000008be00000, 0x000000008be00000| Untracked 
| 147|0x000000008bf00000, 0x000000008bf00000, 0x000000008c000000|  0%| F|  |TAMS 0x000000008bf00000, 0x000000008bf00000| Untracked 
| 148|0x000000008c000000, 0x000000008c000000, 0x000000008c100000|  0%| F|  |TAMS 0x000000008c000000, 0x000000008c000000| Untracked 
| 149|0x000000008c100000, 0x000000008c100000, 0x000000008c200000|  0%| F|  |TAMS 0x000000008c100000, 0x000000008c100000| Untracked 
| 150|0x000000008c200000, 0x000000008c200000, 0x000000008c300000|  0%| F|  |TAMS 0x000000008c200000, 0x000000008c200000| Untracked 
| 151|0x000000008c300000, 0x000000008c300000, 0x000000008c400000|  0%| F|  |TAMS 0x000000008c300000, 0x000000008c300000| Untracked 
| 152|0x000000008c400000, 0x000000008c400000, 0x000000008c500000|  0%| F|  |TAMS 0x000000008c400000, 0x000000008c400000| Untracked 
| 153|0x000000008c500000, 0x000000008c500000, 0x000000008c600000|  0%| F|  |TAMS 0x000000008c500000, 0x000000008c500000| Untracked 
| 154|0x000000008c600000, 0x000000008c600000, 0x000000008c700000|  0%| F|  |TAMS 0x000000008c600000, 0x000000008c600000| Untracked 
| 155|0x000000008c700000, 0x000000008c700000, 0x000000008c800000|  0%| F|  |TAMS 0x000000008c700000, 0x000000008c700000| Untracked 
| 156|0x000000008c800000, 0x000000008c800000, 0x000000008c900000|  0%| F|  |TAMS 0x000000008c800000, 0x000000008c800000| Untracked 
| 157|0x000000008c900000, 0x000000008c900000, 0x000000008ca00000|  0%| F|  |TAMS 0x000000008c900000, 0x000000008c900000| Untracked 
| 158|0x000000008ca00000, 0x000000008ca00000, 0x000000008cb00000|  0%| F|  |TAMS 0x000000008ca00000, 0x000000008ca00000| Untracked 
| 159|0x000000008cb00000, 0x000000008cb00000, 0x000000008cc00000|  0%| F|  |TAMS 0x000000008cb00000, 0x000000008cb00000| Untracked 
| 160|0x000000008cc00000, 0x000000008cc00000, 0x000000008cd00000|  0%| F|  |TAMS 0x000000008cc00000, 0x000000008cc00000| Untracked 
| 161|0x000000008cd00000, 0x000000008cd00000, 0x000000008ce00000|  0%| F|  |TAMS 0x000000008cd00000, 0x000000008cd00000| Untracked 
| 162|0x000000008ce00000, 0x000000008ce00000, 0x000000008cf00000|  0%| F|  |TAMS 0x000000008ce00000, 0x000000008ce00000| Untracked 
| 163|0x000000008cf00000, 0x000000008cf00000, 0x000000008d000000|  0%| F|  |TAMS 0x000000008cf00000, 0x000000008cf00000| Untracked 
| 164|0x000000008d000000, 0x000000008d000000, 0x000000008d100000|  0%| F|  |TAMS 0x000000008d000000, 0x000000008d000000| Untracked 
| 165|0x000000008d100000, 0x000000008d100000, 0x000000008d200000|  0%| F|  |TAMS 0x000000008d100000, 0x000000008d100000| Untracked 
| 166|0x000000008d200000, 0x000000008d200000, 0x000000008d300000|  0%| F|  |TAMS 0x000000008d200000, 0x000000008d200000| Untracked 
| 167|0x000000008d300000, 0x000000008d300000, 0x000000008d400000|  0%| F|  |TAMS 0x000000008d300000, 0x000000008d300000| Untracked 
| 168|0x000000008d400000, 0x000000008d400000, 0x000000008d500000|  0%| F|  |TAMS 0x000000008d400000, 0x000000008d400000| Untracked 
| 169|0x000000008d500000, 0x000000008d500000, 0x000000008d600000|  0%| F|  |TAMS 0x000000008d500000, 0x000000008d500000| Untracked 
| 170|0x000000008d600000, 0x000000008d600000, 0x000000008d700000|  0%| F|  |TAMS 0x000000008d600000, 0x000000008d600000| Untracked 
| 171|0x000000008d700000, 0x000000008d700000, 0x000000008d800000|  0%| F|  |TAMS 0x000000008d700000, 0x000000008d700000| Untracked 
| 172|0x000000008d800000, 0x000000008d800000, 0x000000008d900000|  0%| F|  |TAMS 0x000000008d800000, 0x000000008d800000| Untracked 
| 173|0x000000008d900000, 0x000000008d900000, 0x000000008da00000|  0%| F|  |TAMS 0x000000008d900000, 0x000000008d900000| Untracked 
| 174|0x000000008da00000, 0x000000008da00000, 0x000000008db00000|  0%| F|  |TAMS 0x000000008da00000, 0x000000008da00000| Untracked 
| 175|0x000000008db00000, 0x000000008db00000, 0x000000008dc00000|  0%| F|  |TAMS 0x000000008db00000, 0x000000008db00000| Untracked 
| 176|0x000000008dc00000, 0x000000008dc00000, 0x000000008dd00000|  0%| F|  |TAMS 0x000000008dc00000, 0x000000008dc00000| Untracked 
| 177|0x000000008dd00000, 0x000000008dd00000, 0x000000008de00000|  0%| F|  |TAMS 0x000000008dd00000, 0x000000008dd00000| Untracked 
| 178|0x000000008de00000, 0x000000008de00000, 0x000000008df00000|  0%| F|  |TAMS 0x000000008de00000, 0x000000008de00000| Untracked 
| 179|0x000000008df00000, 0x000000008df00000, 0x000000008e000000|  0%| F|  |TAMS 0x000000008df00000, 0x000000008df00000| Untracked 
| 180|0x000000008e000000, 0x000000008e000000, 0x000000008e100000|  0%| F|  |TAMS 0x000000008e000000, 0x000000008e000000| Untracked 
| 181|0x000000008e100000, 0x000000008e100000, 0x000000008e200000|  0%| F|  |TAMS 0x000000008e100000, 0x000000008e100000| Untracked 
| 182|0x000000008e200000, 0x000000008e200000, 0x000000008e300000|  0%| F|  |TAMS 0x000000008e200000, 0x000000008e200000| Untracked 
| 183|0x000000008e300000, 0x000000008e300000, 0x000000008e400000|  0%| F|  |TAMS 0x000000008e300000, 0x000000008e300000| Untracked 
| 184|0x000000008e400000, 0x000000008e400000, 0x000000008e500000|  0%| F|  |TAMS 0x000000008e400000, 0x000000008e400000| Untracked 
| 185|0x000000008e500000, 0x000000008e500000, 0x000000008e600000|  0%| F|  |TAMS 0x000000008e500000, 0x000000008e500000| Untracked 
| 186|0x000000008e600000, 0x000000008e600000, 0x000000008e700000|  0%| F|  |TAMS 0x000000008e600000, 0x000000008e600000| Untracked 
| 187|0x000000008e700000, 0x000000008e700000, 0x000000008e800000|  0%| F|  |TAMS 0x000000008e700000, 0x000000008e700000| Untracked 
| 188|0x000000008e800000, 0x000000008e800000, 0x000000008e900000|  0%| F|  |TAMS 0x000000008e800000, 0x000000008e800000| Untracked 
| 189|0x000000008e900000, 0x000000008e900000, 0x000000008ea00000|  0%| F|  |TAMS 0x000000008e900000, 0x000000008e900000| Untracked 
| 190|0x000000008ea00000, 0x000000008ea00000, 0x000000008eb00000|  0%| F|  |TAMS 0x000000008ea00000, 0x000000008ea00000| Untracked 
| 191|0x000000008eb00000, 0x000000008eb00000, 0x000000008ec00000|  0%| F|  |TAMS 0x000000008eb00000, 0x000000008eb00000| Untracked 
| 192|0x000000008ec00000, 0x000000008ec00000, 0x000000008ed00000|  0%| F|  |TAMS 0x000000008ec00000, 0x000000008ec00000| Untracked 
| 193|0x000000008ed00000, 0x000000008ed00000, 0x000000008ee00000|  0%| F|  |TAMS 0x000000008ed00000, 0x000000008ed00000| Untracked 
| 194|0x000000008ee00000, 0x000000008ee00000, 0x000000008ef00000|  0%| F|  |TAMS 0x000000008ee00000, 0x000000008ee00000| Untracked 
| 195|0x000000008ef00000, 0x000000008ef00000, 0x000000008f000000|  0%| F|  |TAMS 0x000000008ef00000, 0x000000008ef00000| Untracked 
| 196|0x000000008f000000, 0x000000008f000000, 0x000000008f100000|  0%| F|  |TAMS 0x000000008f000000, 0x000000008f000000| Untracked 
| 197|0x000000008f100000, 0x000000008f100000, 0x000000008f200000|  0%| F|  |TAMS 0x000000008f100000, 0x000000008f100000| Untracked 
| 198|0x000000008f200000, 0x000000008f200000, 0x000000008f300000|  0%| F|  |TAMS 0x000000008f200000, 0x000000008f200000| Untracked 
| 199|0x000000008f300000, 0x000000008f300000, 0x000000008f400000|  0%| F|  |TAMS 0x000000008f300000, 0x000000008f300000| Untracked 
| 200|0x000000008f400000, 0x000000008f400000, 0x000000008f500000|  0%| F|  |TAMS 0x000000008f400000, 0x000000008f400000| Untracked 
| 201|0x000000008f500000, 0x000000008f500000, 0x000000008f600000|  0%| F|  |TAMS 0x000000008f500000, 0x000000008f500000| Untracked 
| 202|0x000000008f600000, 0x000000008f600000, 0x000000008f700000|  0%| F|  |TAMS 0x000000008f600000, 0x000000008f600000| Untracked 
| 203|0x000000008f700000, 0x000000008f700000, 0x000000008f800000|  0%| F|  |TAMS 0x000000008f700000, 0x000000008f700000| Untracked 

Card table byte_map: [0x0000026f55ca0000,0x0000026f56090000] _byte_map_base: 0x0000026f5588a000

Marking Bits (Prev, Next): (CMBitMap*) 0x0000026f4ade69e0, (CMBitMap*) 0x0000026f4ade6a20
 Prev Bits: [0x0000026f56480000, 0x0000026f583d0000)
 Next Bits: [0x0000026f583d0000, 0x0000026f5a320000)

Polling page: 0x0000026f4a550000

Metaspace:

Usage:
  Non-class:     50.60 MB used.
      Class:      8.06 MB used.
       Both:     58.66 MB used.

Virtual space:
  Non-class space:       64.00 MB reserved,      50.88 MB ( 79%) committed,  1 nodes.
      Class space:        1.00 GB reserved,       8.38 MB ( <1%) committed,  1 nodes.
             Both:        1.06 GB reserved,      59.25 MB (  5%) committed. 

Chunk freelists:
   Non-Class:  13.06 MB
       Class:  7.48 MB
        Both:  20.55 MB

MaxMetaspaceSize: unlimited
CompressedClassSpaceSize: 1.00 GB
Initial GC threshold: 21.00 MB
Current GC threshold: 62.50 MB
CDS: on
MetaspaceReclaimPolicy: balanced
 - commit_granule_bytes: 65536.
 - commit_granule_words: 8192.
 - virtual_space_node_default_size: 8388608.
 - enlarge_chunks_in_place: 1.
 - new_chunks_are_fully_committed: 0.
 - uncommit_free_chunks: 1.
 - use_allocation_guard: 0.
 - handle_deallocations: 1.


Internal statistics:

num_allocs_failed_limit: 24.
num_arena_births: 796.
num_arena_deaths: 0.
num_vsnodes_births: 2.
num_vsnodes_deaths: 0.
num_space_committed: 948.
num_space_uncommitted: 0.
num_chunks_returned_to_freelist: 24.
num_chunks_taken_from_freelist: 3367.
num_chunk_merges: 21.
num_chunk_splits: 2221.
num_chunks_enlarged: 1396.
num_inconsistent_stats: 0.

CodeCache: size=49152Kb used=11634Kb max_used=11634Kb free=37517Kb
 bounds [0x0000026f528b0000, 0x0000026f53410000, 0x0000026f558b0000]
 total_blobs=6979 nmethods=6324 adapters=582
 compilation: enabled
              stopped_count=0, restarted_count=0
 full_count=0

Compilation events (20 events):
Event: 16.460 Thread 0x0000026f5c6d1bc0 6566       1       java.util.Collections$UnmodifiableMap$UnmodifiableEntrySet$1::next (20 bytes)
Event: 16.461 Thread 0x0000026f5c6d1bc0 nmethod 6566 0x0000026f53408410 code [0x0000026f534085e0, 0x0000026f534088f8]
Event: 16.461 Thread 0x0000026f5c6d1bc0 6567       1       java.util.Collections$UnmodifiableMap$UnmodifiableEntrySet$UnmodifiableEntry::<init> (16 bytes)
Event: 16.461 Thread 0x0000026f5c6d1bc0 nmethod 6567 0x0000026f53408a90 code [0x0000026f53408c40, 0x0000026f53408e68]
Event: 16.461 Thread 0x0000026f5c6d1bc0 6568       1       java.util.Collections$UnmodifiableMap$UnmodifiableEntrySet$UnmodifiableEntry::getKey (10 bytes)
Event: 16.461 Thread 0x0000026f5c6d1bc0 nmethod 6568 0x0000026f53408f90 code [0x0000026f53409120, 0x0000026f53409208]
Event: 16.461 Thread 0x0000026f5c6d1bc0 6569       1       java.util.Collections$UnmodifiableMap$UnmodifiableEntrySet$UnmodifiableEntry::getValue (10 bytes)
Event: 16.461 Thread 0x0000026f5c6d1bc0 nmethod 6569 0x0000026f53409290 code [0x0000026f53409420, 0x0000026f53409508]
Event: 16.509 Thread 0x0000026f5c6d1bc0 6570       1       java.lang.System$2::getEnumConstantsShared (8 bytes)
Event: 16.509 Thread 0x0000026f5c6d1bc0 nmethod 6570 0x0000026f53409890 code [0x0000026f53409a20, 0x0000026f53409b48]
Event: 16.542 Thread 0x0000026f5c6d1bc0 6571       1       java.util.zip.ZipFile::getEntryName (42 bytes)
Event: 16.542 Thread 0x0000026f5c6d1bc0 nmethod 6571 0x0000026f53409c10 code [0x0000026f53409dc0, 0x0000026f53409f78]
Event: 16.616 Thread 0x0000026f5c6d1bc0 6573       1       java.lang.invoke.LambdaForm::arguments (47 bytes)
Event: 16.617 Thread 0x0000026f5c6d1bc0 nmethod 6573 0x0000026f5340a710 code [0x0000026f5340a900, 0x0000026f5340ada8]
Event: 16.631 Thread 0x0000026f5c6d1bc0 6577       1       java.util.zip.ZipFile$ZipFileInputStream::size (5 bytes)
Event: 16.631 Thread 0x0000026f5c6d1bc0 nmethod 6577 0x0000026f5340ba90 code [0x0000026f5340bc20, 0x0000026f5340bcf8]
Event: 16.632 Thread 0x0000026f5c6d1bc0 6578   !   1       java.security.AccessController::doPrivileged (22 bytes)
Event: 16.633 Thread 0x0000026f5c6d1bc0 nmethod 6578 0x0000026f5340bd90 code [0x0000026f5340bf60, 0x0000026f5340c198]
Event: 16.773 Thread 0x0000026f5c6d1bc0 6580       1       java.lang.Character::isJavaIdentifierPart (5 bytes)
Event: 16.773 Thread 0x0000026f5c6d1bc0 nmethod 6580 0x0000026f5340c810 code [0x0000026f5340c9c0, 0x0000026f5340cab8]

GC Heap History (20 events):
Event: 3.901 GC heap after
{Heap after GC invocations=5 (full 0):
 garbage-first heap   total 129024K, used 45056K [0x0000000082c00000, 0x0000000100000000)
  region size 1024K, 5 young (5120K), 5 survivors (5120K)
 Metaspace       used 3599K, committed 3776K, reserved 1114112K
  class space    used 440K, committed 512K, reserved 1048576K
}
Event: 4.390 GC heap before
{Heap before GC invocations=5 (full 0):
 garbage-first heap   total 129024K, used 59392K [0x0000000082c00000, 0x0000000100000000)
  region size 1024K, 19 young (19456K), 5 survivors (5120K)
 Metaspace       used 6072K, committed 6336K, reserved 1114112K
  class space    used 765K, committed 896K, reserved 1048576K
}
Event: 4.411 GC heap after
{Heap after GC invocations=6 (full 0):
 garbage-first heap   total 208896K, used 48989K [0x0000000082c00000, 0x0000000100000000)
  region size 1024K, 3 young (3072K), 3 survivors (3072K)
 Metaspace       used 6072K, committed 6336K, reserved 1114112K
  class space    used 765K, committed 896K, reserved 1048576K
}
Event: 6.078 GC heap before
{Heap before GC invocations=6 (full 0):
 garbage-first heap   total 208896K, used 95069K [0x0000000082c00000, 0x0000000100000000)
  region size 1024K, 48 young (49152K), 3 survivors (3072K)
 Metaspace       used 12108K, committed 12416K, reserved 1114112K
  class space    used 1624K, committed 1792K, reserved 1048576K
}
Event: 6.091 GC heap after
{Heap after GC invocations=7 (full 0):
 garbage-first heap   total 208896K, used 53143K [0x0000000082c00000, 0x0000000100000000)
  region size 1024K, 6 young (6144K), 6 survivors (6144K)
 Metaspace       used 12108K, committed 12416K, reserved 1114112K
  class space    used 1624K, committed 1792K, reserved 1048576K
}
Event: 7.023 GC heap before
{Heap before GC invocations=7 (full 0):
 garbage-first heap   total 208896K, used 137111K [0x0000000082c00000, 0x0000000100000000)
  region size 1024K, 88 young (90112K), 6 survivors (6144K)
 Metaspace       used 17208K, committed 17600K, reserved 1114112K
  class space    used 2352K, committed 2560K, reserved 1048576K
}
Event: 7.041 GC heap after
{Heap after GC invocations=8 (full 0):
 garbage-first heap   total 208896K, used 58313K [0x0000000082c00000, 0x0000000100000000)
  region size 1024K, 9 young (9216K), 9 survivors (9216K)
 Metaspace       used 17208K, committed 17600K, reserved 1114112K
  class space    used 2352K, committed 2560K, reserved 1048576K
}
Event: 8.044 GC heap before
{Heap before GC invocations=8 (full 0):
 garbage-first heap   total 208896K, used 115657K [0x0000000082c00000, 0x0000000100000000)
  region size 1024K, 66 young (67584K), 9 survivors (9216K)
 Metaspace       used 21168K, committed 21504K, reserved 1114112K
  class space    used 2833K, committed 3008K, reserved 1048576K
}
Event: 8.065 GC heap after
{Heap after GC invocations=9 (full 0):
 garbage-first heap   total 208896K, used 62189K [0x0000000082c00000, 0x0000000100000000)
  region size 1024K, 9 young (9216K), 9 survivors (9216K)
 Metaspace       used 21168K, committed 21504K, reserved 1114112K
  class space    used 2833K, committed 3008K, reserved 1048576K
}
Event: 10.174 GC heap before
{Heap before GC invocations=10 (full 0):
 garbage-first heap   total 208896K, used 148205K [0x0000000082c00000, 0x0000000100000000)
  region size 1024K, 97 young (99328K), 9 survivors (9216K)
 Metaspace       used 30071K, committed 30464K, reserved 1114112K
  class space    used 3926K, committed 4096K, reserved 1048576K
}
Event: 10.192 GC heap after
{Heap after GC invocations=11 (full 0):
 garbage-first heap   total 208896K, used 63646K [0x0000000082c00000, 0x0000000100000000)
  region size 1024K, 10 young (10240K), 10 survivors (10240K)
 Metaspace       used 30071K, committed 30464K, reserved 1114112K
  class space    used 3926K, committed 4096K, reserved 1048576K
}
Event: 10.219 GC heap before
{Heap before GC invocations=11 (full 0):
 garbage-first heap   total 208896K, used 64670K [0x0000000082c00000, 0x0000000100000000)
  region size 1024K, 11 young (11264K), 10 survivors (10240K)
 Metaspace       used 30181K, committed 30592K, reserved 1114112K
  class space    used 3958K, committed 4160K, reserved 1048576K
}
Event: 10.237 GC heap after
{Heap after GC invocations=12 (full 0):
 garbage-first heap   total 208896K, used 62452K [0x0000000082c00000, 0x0000000100000000)
  region size 1024K, 2 young (2048K), 2 survivors (2048K)
 Metaspace       used 30181K, committed 30592K, reserved 1114112K
  class space    used 3958K, committed 4160K, reserved 1048576K
}
Event: 11.340 GC heap before
{Heap before GC invocations=12 (full 0):
 garbage-first heap   total 208896K, used 131060K [0x0000000082c00000, 0x0000000100000000)
  region size 1024K, 71 young (72704K), 2 survivors (2048K)
 Metaspace       used 37047K, committed 37440K, reserved 1114112K
  class space    used 5024K, committed 5248K, reserved 1048576K
}
Event: 11.347 GC heap after
{Heap after GC invocations=13 (full 0):
 garbage-first heap   total 208896K, used 64086K [0x0000000082c00000, 0x0000000100000000)
  region size 1024K, 3 young (3072K), 3 survivors (3072K)
 Metaspace       used 37047K, committed 37440K, reserved 1114112K
  class space    used 5024K, committed 5248K, reserved 1048576K
}
Event: 13.458 GC heap before
{Heap before GC invocations=14 (full 0):
 garbage-first heap   total 208896K, used 161366K [0x0000000082c00000, 0x0000000100000000)
  region size 1024K, 99 young (101376K), 3 survivors (3072K)
 Metaspace       used 43483K, committed 44032K, reserved 1114112K
  class space    used 6078K, committed 6336K, reserved 1048576K
}
Event: 13.477 GC heap after
{Heap after GC invocations=15 (full 0):
 garbage-first heap   total 208896K, used 75101K [0x0000000082c00000, 0x0000000100000000)
  region size 1024K, 13 young (13312K), 13 survivors (13312K)
 Metaspace       used 43483K, committed 44032K, reserved 1114112K
  class space    used 6078K, committed 6336K, reserved 1048576K
}
Event: 13.519 GC heap before
{Heap before GC invocations=15 (full 0):
 garbage-first heap   total 208896K, used 76125K [0x0000000082c00000, 0x0000000100000000)
  region size 1024K, 14 young (14336K), 13 survivors (13312K)
 Metaspace       used 43637K, committed 44224K, reserved 1114112K
  class space    used 6101K, committed 6400K, reserved 1048576K
}
Event: 13.540 GC heap after
{Heap after GC invocations=16 (full 0):
 garbage-first heap   total 208896K, used 75684K [0x0000000082c00000, 0x0000000100000000)
  region size 1024K, 2 young (2048K), 2 survivors (2048K)
 Metaspace       used 43637K, committed 44224K, reserved 1114112K
  class space    used 6101K, committed 6400K, reserved 1048576K
}
Event: 16.921 GC heap before
{Heap before GC invocations=16 (full 0):
 garbage-first heap   total 208896K, used 159652K [0x0000000082c00000, 0x0000000100000000)
  region size 1024K, 84 young (86016K), 2 survivors (2048K)
 Metaspace       used 60068K, committed 60672K, reserved 1114112K
  class space    used 8255K, committed 8576K, reserved 1048576K
}

Dll operation events (12 events):
Event: 0.037 Loaded shared library C:\Program Files\Microsoft\jdk-17.0.9.8-hotspot\bin\java.dll
Event: 0.127 Loaded shared library C:\Program Files\Microsoft\jdk-17.0.9.8-hotspot\bin\jsvml.dll
Event: 0.236 Loaded shared library C:\Program Files\Microsoft\jdk-17.0.9.8-hotspot\bin\zip.dll
Event: 0.239 Loaded shared library C:\Program Files\Microsoft\jdk-17.0.9.8-hotspot\bin\instrument.dll
Event: 0.247 Loaded shared library C:\Program Files\Microsoft\jdk-17.0.9.8-hotspot\bin\net.dll
Event: 0.256 Loaded shared library C:\Program Files\Microsoft\jdk-17.0.9.8-hotspot\bin\nio.dll
Event: 0.259 Loaded shared library C:\Program Files\Microsoft\jdk-17.0.9.8-hotspot\bin\zip.dll
Event: 0.995 Loaded shared library C:\Program Files\Microsoft\jdk-17.0.9.8-hotspot\bin\jimage.dll
Event: 4.256 Loaded shared library C:\Program Files\Microsoft\jdk-17.0.9.8-hotspot\bin\verify.dll
Event: 6.950 Loaded shared library C:\Program Files\Microsoft\jdk-17.0.9.8-hotspot\bin\management.dll
Event: 7.107 Loaded shared library C:\Program Files\Microsoft\jdk-17.0.9.8-hotspot\bin\management_ext.dll
Event: 7.321 Loaded shared library C:\Users\José\AppData\Local\Temp\jansi-2.4.0-57a543bff84af950-jansi.dll

Deoptimization events (20 events):
Event: 16.577 Thread 0x0000026f6305c030 DEOPT PACKING pc=0x0000026f52af7afc sp=0x0000008ba24fb590
Event: 16.577 Thread 0x0000026f6305c030 DEOPT UNPACKING pc=0x0000026f52907143 sp=0x0000008ba24faa38 mode 1
Event: 16.577 Thread 0x0000026f6305c030 DEOPT PACKING pc=0x0000026f52c45d0c sp=0x0000008ba24fb5e0
Event: 16.577 Thread 0x0000026f6305c030 DEOPT UNPACKING pc=0x0000026f52907143 sp=0x0000008ba24fac00 mode 1
Event: 16.577 Thread 0x0000026f6305c030 DEOPT PACKING pc=0x0000026f52c79cf4 sp=0x0000008ba24fb830
Event: 16.577 Thread 0x0000026f6305c030 DEOPT UNPACKING pc=0x0000026f52907143 sp=0x0000008ba24face8 mode 1
Event: 16.577 Thread 0x0000026f6305c030 DEOPT PACKING pc=0x0000026f52cb9ad4 sp=0x0000008ba24fc210
Event: 16.577 Thread 0x0000026f6305c030 DEOPT UNPACKING pc=0x0000026f52907143 sp=0x0000008ba24fb700 mode 1
Event: 16.630 Thread 0x0000026f6305c030 DEOPT PACKING pc=0x0000026f52af7fec sp=0x0000008ba24fa990
Event: 16.630 Thread 0x0000026f6305c030 DEOPT UNPACKING pc=0x0000026f52907143 sp=0x0000008ba24f9e28 mode 1
Event: 16.630 Thread 0x0000026f6305c030 DEOPT PACKING pc=0x0000026f52af7afc sp=0x0000008ba24faa60
Event: 16.630 Thread 0x0000026f6305c030 DEOPT UNPACKING pc=0x0000026f52907143 sp=0x0000008ba24f9f18 mode 1
Event: 16.632 Thread 0x0000026f6305c030 DEOPT PACKING pc=0x0000026f52af7fec sp=0x0000008ba24faa50
Event: 16.632 Thread 0x0000026f6305c030 DEOPT UNPACKING pc=0x0000026f52907143 sp=0x0000008ba24f9ee8 mode 1
Event: 16.632 Thread 0x0000026f6305c030 DEOPT PACKING pc=0x0000026f52af7afc sp=0x0000008ba24fab20
Event: 16.632 Thread 0x0000026f6305c030 DEOPT UNPACKING pc=0x0000026f52907143 sp=0x0000008ba24f9fd8 mode 1
Event: 16.633 Thread 0x0000026f6305c030 DEOPT PACKING pc=0x0000026f52af7fec sp=0x0000008ba24fab20
Event: 16.633 Thread 0x0000026f6305c030 DEOPT UNPACKING pc=0x0000026f52907143 sp=0x0000008ba24f9fb8 mode 1
Event: 16.633 Thread 0x0000026f6305c030 DEOPT PACKING pc=0x0000026f52af7afc sp=0x0000008ba24fabf0
Event: 16.633 Thread 0x0000026f6305c030 DEOPT UNPACKING pc=0x0000026f52907143 sp=0x0000008ba24fa0a8 mode 1

Classes unloaded (0 events):
No events

Classes redefined (0 events):
No events

Internal exceptions (20 events):
Event: 13.383 Thread 0x0000026f6305c030 Exception <a 'java/lang/IncompatibleClassChangeError'{0x0000000089625460}: Found class java.lang.Object, but interface was expected> (0x0000000089625460) 
thrown [s\src\hotspot\share\interpreter\linkResolver.cpp, line 826]
Event: 13.394 Thread 0x0000026f6305c030 Exception <a 'sun/nio/fs/WindowsException'{0x0000000089671148}> (0x0000000089671148) 
thrown [s\src\hotspot\share\prims\jni.cpp, line 516]
Event: 13.560 Thread 0x0000026f6305c030 Exception <a 'sun/nio/fs/WindowsException'{0x000000008f76f2a0}> (0x000000008f76f2a0) 
thrown [s\src\hotspot\share\prims\jni.cpp, line 516]
Event: 13.561 Thread 0x0000026f6305c030 Exception <a 'sun/nio/fs/WindowsException'{0x000000008f76fbd8}> (0x000000008f76fbd8) 
thrown [s\src\hotspot\share\prims\jni.cpp, line 516]
Event: 13.562 Thread 0x0000026f6305c030 Exception <a 'sun/nio/fs/WindowsException'{0x000000008f770290}> (0x000000008f770290) 
thrown [s\src\hotspot\share\prims\jni.cpp, line 516]
Event: 13.562 Thread 0x0000026f6305c030 Exception <a 'sun/nio/fs/WindowsException'{0x000000008f770880}> (0x000000008f770880) 
thrown [s\src\hotspot\share\prims\jni.cpp, line 516]
Event: 13.563 Thread 0x0000026f6305c030 Exception <a 'sun/nio/fs/WindowsException'{0x000000008f770be0}> (0x000000008f770be0) 
thrown [s\src\hotspot\share\prims\jni.cpp, line 516]
Event: 13.576 Thread 0x0000026f6305c030 Exception <a 'sun/nio/fs/WindowsException'{0x000000008f7b7090}> (0x000000008f7b7090) 
thrown [s\src\hotspot\share\prims\jni.cpp, line 516]
Event: 13.576 Thread 0x0000026f6305c030 Exception <a 'sun/nio/fs/WindowsException'{0x000000008f7b7710}> (0x000000008f7b7710) 
thrown [s\src\hotspot\share\prims\jni.cpp, line 516]
Event: 13.577 Thread 0x0000026f6305c030 Exception <a 'sun/nio/fs/WindowsException'{0x000000008f7b7d00}> (0x000000008f7b7d00) 
thrown [s\src\hotspot\share\prims\jni.cpp, line 516]
Event: 13.577 Thread 0x0000026f6305c030 Exception <a 'sun/nio/fs/WindowsException'{0x000000008f7b7fd0}> (0x000000008f7b7fd0) 
thrown [s\src\hotspot\share\prims\jni.cpp, line 516]
Event: 13.622 Thread 0x0000026f6305c030 Exception <a 'sun/nio/fs/WindowsException'{0x000000008f4c1b88}> (0x000000008f4c1b88) 
thrown [s\src\hotspot\share\prims\jni.cpp, line 516]
Event: 14.054 Thread 0x0000026f6305c030 Exception <a 'java/lang/IncompatibleClassChangeError'{0x000000008e816ea8}: Found class java.lang.Object, but interface was expected> (0x000000008e816ea8) 
thrown [s\src\hotspot\share\interpreter\linkResolver.cpp, line 826]
Event: 14.274 Thread 0x0000026f6305c030 Exception <a 'java/lang/IncompatibleClassChangeError'{0x000000008e3dbbc8}: Found class java.lang.Object, but interface was expected> (0x000000008e3dbbc8) 
thrown [s\src\hotspot\share\interpreter\linkResolver.cpp, line 826]
Event: 15.113 Thread 0x0000026f6305c030 Exception <a 'java/lang/NoSuchMethodError'{0x000000008cffd0f8}: 'java.lang.Object java.lang.invoke.DirectMethodHandle$Holder.newInvokeSpecial(java.lang.Object, java.lang.Object, java.lang.Object, int)'> (0x000000008cffd0f8) 
thrown [s\src\hotspot\share\interpreter\linkResolver.cpp, line 759]
Event: 15.113 Thread 0x0000026f6305c030 Exception <a 'java/lang/NoSuchMethodError'{0x000000008ce011e8}: 'java.lang.Object java.lang.invoke.DirectMethodHandle$Holder.invokeSpecial(java.lang.Object, java.lang.Object, java.lang.Object, java.lang.Object, int)'> (0x000000008ce011e8) 
thrown [s\src\hotspot\share\interpreter\linkResolver.cpp, line 759]
Event: 15.114 Thread 0x0000026f6305c030 Exception <a 'java/lang/NoSuchMethodError'{0x000000008ce04bc0}: 'java.lang.Object java.lang.invoke.Invokers$Holder.linkToTargetMethod(java.lang.Object, java.lang.Object, int, java.lang.Object)'> (0x000000008ce04bc0) 
thrown [s\src\hotspot\share\interpreter\linkResolver.cpp, line 759]
Event: 15.419 Thread 0x0000026f6305c030 Exception <a 'java/lang/NoSuchMethodError'{0x000000008cba9250}: 'int java.lang.invoke.DirectMethodHandle$Holder.invokeVirtual(java.lang.Object, java.lang.Object, java.lang.Object)'> (0x000000008cba9250) 
thrown [s\src\hotspot\share\interpreter\linkResolver.cpp, line 759]
Event: 15.890 Thread 0x0000026f6305c030 Exception <a 'java/lang/IncompatibleClassChangeError'{0x000000008c50d220}: Found class java.lang.Object, but interface was expected> (0x000000008c50d220) 
thrown [s\src\hotspot\share\interpreter\linkResolver.cpp, line 826]
Event: 16.275 Thread 0x0000026f6305c030 Exception <a 'java/lang/NoSuchMethodError'{0x000000008bd55988}: 'java.lang.Object java.lang.invoke.DirectMethodHandle$Holder.invokeInterface(java.lang.Object, java.lang.Object, java.lang.Object, int)'> (0x000000008bd55988) 
thrown [s\src\hotspot\share\interpreter\linkResolver.cpp, line 759]

VM Operations (20 events):
Event: 12.739 Executing VM operation: HandshakeAllThreads done
Event: 12.886 Executing VM operation: ICBufferFull
Event: 12.887 Executing VM operation: ICBufferFull done
Event: 13.129 Executing VM operation: HandshakeAllThreads
Event: 13.129 Executing VM operation: HandshakeAllThreads done
Event: 13.136 Executing VM operation: HandshakeAllThreads
Event: 13.136 Executing VM operation: HandshakeAllThreads done
Event: 13.457 Executing VM operation: G1CollectForAllocation
Event: 13.477 Executing VM operation: G1CollectForAllocation done
Event: 13.519 Executing VM operation: G1CollectForAllocation
Event: 13.540 Executing VM operation: G1CollectForAllocation done
Event: 14.543 Executing VM operation: Cleanup
Event: 14.544 Executing VM operation: Cleanup done
Event: 15.558 Executing VM operation: Cleanup
Event: 15.559 Executing VM operation: Cleanup done
Event: 16.069 Executing VM operation: HandshakeAllThreads
Event: 16.069 Executing VM operation: HandshakeAllThreads done
Event: 16.442 Executing VM operation: HandshakeAllThreads
Event: 16.442 Executing VM operation: HandshakeAllThreads done
Event: 16.921 Executing VM operation: G1CollectForAllocation

Events (20 events):
Event: 16.441 loading class java/security/cert/X509Extension done
Event: 16.441 loading class java/security/cert/X509Certificate done
Event: 16.442 loading class javax/security/cert/X509Certificate
Event: 16.442 loading class javax/security/cert/Certificate
Event: 16.442 loading class javax/security/cert/Certificate done
Event: 16.442 loading class javax/security/cert/X509Certificate done
Event: 16.456 loading class java/util/EventObject
Event: 16.456 loading class java/util/EventObject done
Event: 16.484 loading class javax/net/ssl/SSLPeerUnverifiedException
Event: 16.484 loading class javax/net/ssl/SSLException
Event: 16.484 loading class javax/net/ssl/SSLException done
Event: 16.484 loading class javax/net/ssl/SSLPeerUnverifiedException done
Event: 16.509 loading class java/util/EnumMap$EntrySet
Event: 16.509 loading class java/util/EnumMap$EntrySet done
Event: 16.509 loading class java/util/EnumMap$EntryIterator
Event: 16.509 loading class java/util/EnumMap$EnumMapIterator
Event: 16.509 loading class java/util/EnumMap$EnumMapIterator done
Event: 16.509 loading class java/util/EnumMap$EntryIterator done
Event: 16.509 loading class java/util/EnumMap$EntryIterator$Entry
Event: 16.510 loading class java/util/EnumMap$EntryIterator$Entry done


Dynamic libraries:
0x00007ff7cd880000 - 0x00007ff7cd88e000 	C:\Program Files\Microsoft\jdk-17.0.9.8-hotspot\bin\java.EXE
0x00007ffcf1fd0000 - 0x00007ffcf21c8000 	C:\Windows\SYSTEM32\ntdll.dll
0x00007ffcf19e0000 - 0x00007ffcf1a9d000 	C:\Windows\System32\KERNEL32.DLL
0x00007ffcefd30000 - 0x00007ffcf0026000 	C:\Windows\System32\KERNELBASE.dll
0x00007ffcefc30000 - 0x00007ffcefd30000 	C:\Windows\System32\ucrtbase.dll
0x00007ffccf700000 - 0x00007ffccf717000 	C:\Program Files\Microsoft\jdk-17.0.9.8-hotspot\bin\jli.dll
0x00007ffcf1df0000 - 0x00007ffcf1f8e000 	C:\Windows\System32\USER32.dll
0x00007ffcef6b0000 - 0x00007ffcef6d2000 	C:\Windows\System32\win32u.dll
0x00007ffcf0190000 - 0x00007ffcf01bc000 	C:\Windows\System32\GDI32.dll
0x00007ffcefa70000 - 0x00007ffcefb8a000 	C:\Windows\System32\gdi32full.dll
0x00007ffcefb90000 - 0x00007ffcefc2d000 	C:\Windows\System32\msvcp_win.dll
0x00007ffcdf1c0000 - 0x00007ffcdf45a000 	C:\Windows\WinSxS\amd64_microsoft.windows.common-controls_6595b64144ccf1df_6.0.19041.3636_none_60b6a03d71f818d5\COMCTL32.dll
0x00007ffcf1000000 - 0x00007ffcf109e000 	C:\Windows\System32\msvcrt.dll
0x00007ffccf790000 - 0x00007ffccf7ab000 	C:\Program Files\Microsoft\jdk-17.0.9.8-hotspot\bin\VCRUNTIME140.dll
0x00007ffcf1770000 - 0x00007ffcf17a0000 	C:\Windows\System32\IMM32.DLL
0x00007ffcdba50000 - 0x00007ffcdba5c000 	C:\Program Files\Microsoft\jdk-17.0.9.8-hotspot\bin\vcruntime140_1.dll
0x00007ffcaff60000 - 0x00007ffcaffed000 	C:\Program Files\Microsoft\jdk-17.0.9.8-hotspot\bin\msvcp140.dll
0x00007ffc8a970000 - 0x00007ffc8b5d3000 	C:\Program Files\Microsoft\jdk-17.0.9.8-hotspot\bin\server\jvm.dll
0x00007ffcf1860000 - 0x00007ffcf190e000 	C:\Windows\System32\ADVAPI32.dll
0x00007ffcf0030000 - 0x00007ffcf00cc000 	C:\Windows\System32\sechost.dll
0x00007ffcf0b70000 - 0x00007ffcf0c96000 	C:\Windows\System32\RPCRT4.dll
0x00007ffcef510000 - 0x00007ffcef55b000 	C:\Windows\SYSTEM32\POWRPROF.dll
0x00007ffcdab10000 - 0x00007ffcdab19000 	C:\Windows\SYSTEM32\WSOCK32.dll
0x00007ffcf1910000 - 0x00007ffcf197b000 	C:\Windows\System32\WS2_32.dll
0x00007ffcdd790000 - 0x00007ffcdd7b7000 	C:\Windows\SYSTEM32\WINMM.dll
0x00007ffce72e0000 - 0x00007ffce72ea000 	C:\Windows\SYSTEM32\VERSION.dll
0x00007ffcef4f0000 - 0x00007ffcef502000 	C:\Windows\SYSTEM32\UMPDC.dll
0x00007ffced510000 - 0x00007ffced522000 	C:\Windows\SYSTEM32\kernel.appcore.dll
0x00007ffcd2a10000 - 0x00007ffcd2a1a000 	C:\Program Files\Microsoft\jdk-17.0.9.8-hotspot\bin\jimage.dll
0x00007ffcd8370000 - 0x00007ffcd8554000 	C:\Windows\SYSTEM32\DBGHELP.DLL
0x00007ffcd82f0000 - 0x00007ffcd8324000 	C:\Windows\SYSTEM32\dbgcore.DLL
0x00007ffcef6e0000 - 0x00007ffcef762000 	C:\Windows\System32\bcryptPrimitives.dll
0x00007ffcded50000 - 0x00007ffcded5e000 	C:\Program Files\Microsoft\jdk-17.0.9.8-hotspot\bin\instrument.dll
0x00007ffcbc3a0000 - 0x00007ffcbc3c5000 	C:\Program Files\Microsoft\jdk-17.0.9.8-hotspot\bin\java.dll
0x00007ffcaff20000 - 0x00007ffcaff5b000 	C:\Program Files\Microsoft\jdk-17.0.9.8-hotspot\bin\jdwp.dll
0x00007ffcafa20000 - 0x00007ffcafaf7000 	C:\Program Files\Microsoft\jdk-17.0.9.8-hotspot\bin\jsvml.dll
0x00007ffcf0250000 - 0x00007ffcf0994000 	C:\Windows\System32\SHELL32.dll
0x00007ffced710000 - 0x00007ffcedeab000 	C:\Windows\SYSTEM32\windows.storage.dll
0x00007ffcf0ca0000 - 0x00007ffcf0ff4000 	C:\Windows\System32\combase.dll
0x00007ffcef020000 - 0x00007ffcef04d000 	C:\Windows\SYSTEM32\Wldp.dll
0x00007ffcf1120000 - 0x00007ffcf11cd000 	C:\Windows\System32\SHCORE.dll
0x00007ffcf1c90000 - 0x00007ffcf1ce5000 	C:\Windows\System32\shlwapi.dll
0x00007ffcef5e0000 - 0x00007ffcef605000 	C:\Windows\SYSTEM32\profapi.dll
0x00007ffcba0a0000 - 0x00007ffcba0b8000 	C:\Program Files\Microsoft\jdk-17.0.9.8-hotspot\bin\zip.dll
0x00007ffcccbe0000 - 0x00007ffcccbf9000 	C:\Program Files\Microsoft\jdk-17.0.9.8-hotspot\bin\net.dll
0x00007ffce6340000 - 0x00007ffce644a000 	C:\Windows\SYSTEM32\WINHTTP.dll
0x00007ffceed40000 - 0x00007ffceedaa000 	C:\Windows\system32\mswsock.dll
0x00007ffcc5c70000 - 0x00007ffcc5c86000 	C:\Program Files\Microsoft\jdk-17.0.9.8-hotspot\bin\nio.dll
0x00007ffcded40000 - 0x00007ffcded4c000 	C:\Program Files\Microsoft\jdk-17.0.9.8-hotspot\bin\dt_socket.dll
0x00007ffceea40000 - 0x00007ffceea7b000 	C:\Windows\SYSTEM32\IPHLPAPI.DLL
0x00007ffceea80000 - 0x00007ffceeb4a000 	C:\Windows\SYSTEM32\DNSAPI.dll
0x00007ffcf09a0000 - 0x00007ffcf09a8000 	C:\Windows\System32\NSI.dll
0x000000006eaa0000 - 0x000000006eaab000 	C:\Program Files\National Instruments\Shared\mDNS Responder\nimdnsNSP.dll
0x000000006ea80000 - 0x000000006ea91000 	C:\Windows\SYSTEM32\nimdnsResponder.dll
0x00007ffce0470000 - 0x00007ffce047a000 	C:\Windows\System32\rasadhlp.dll
0x00007ffcdfb30000 - 0x00007ffcdfbb0000 	C:\Windows\System32\fwpuclnt.dll
0x00007ffcefa40000 - 0x00007ffcefa67000 	C:\Windows\System32\bcrypt.dll
0x00007ffccfcc0000 - 0x00007ffccfcd0000 	C:\Program Files\Microsoft\jdk-17.0.9.8-hotspot\bin\verify.dll
0x00007ffcd0410000 - 0x00007ffcd0419000 	C:\Program Files\Microsoft\jdk-17.0.9.8-hotspot\bin\management.dll
0x00007ffcd0400000 - 0x00007ffcd040b000 	C:\Program Files\Microsoft\jdk-17.0.9.8-hotspot\bin\management_ext.dll
0x00007ffcf17a0000 - 0x00007ffcf17a8000 	C:\Windows\System32\PSAPI.DLL
0x0000000069ac0000 - 0x0000000069ae4000 	C:\Users\José\AppData\Local\Temp\jansi-2.4.0-57a543bff84af950-jansi.dll
0x00007ffceef70000 - 0x00007ffceef88000 	C:\Windows\SYSTEM32\CRYPTSP.dll
0x00007ffcee670000 - 0x00007ffcee6a4000 	C:\Windows\system32\rsaenh.dll
0x00007ffcef5a0000 - 0x00007ffcef5ce000 	C:\Windows\SYSTEM32\USERENV.dll
0x00007ffceef90000 - 0x00007ffceef9c000 	C:\Windows\SYSTEM32\CRYPTBASE.dll
0x00007ffcdb0c0000 - 0x00007ffcdb0d7000 	C:\Windows\system32\napinsp.dll
0x00007ffcdb0a0000 - 0x00007ffcdb0bb000 	C:\Windows\system32\pnrpnsp.dll
0x00007ffcdafc0000 - 0x00007ffcdafd5000 	C:\Windows\system32\wshbth.dll
0x00007ffceb3f0000 - 0x00007ffceb40d000 	C:\Windows\system32\NLAapi.dll
0x00007ffcdae00000 - 0x00007ffcdae12000 	C:\Windows\System32\winrnr.dll
0x00007ffce7b70000 - 0x00007ffce7b87000 	C:\Windows\SYSTEM32\dhcpcsvc6.DLL
0x00007ffce7bd0000 - 0x00007ffce7bed000 	C:\Windows\SYSTEM32\dhcpcsvc.DLL

dbghelp: loaded successfully - version: 4.0.5 - missing functions: none
symbol engine: initialized successfully - sym options: 0x614 - pdb path: .;C:\Program Files\Microsoft\jdk-17.0.9.8-hotspot\bin;C:\Windows\SYSTEM32;C:\Windows\WinSxS\amd64_microsoft.windows.common-controls_6595b64144ccf1df_6.0.19041.3636_none_60b6a03d71f818d5;C:\Program Files\Microsoft\jdk-17.0.9.8-hotspot\bin\server;C:\Program Files\National Instruments\Shared\mDNS Responder;C:\Users\José\AppData\Local\Temp

VM Arguments:
jvm_args: -Dquarkus-internal.serialized-app-model.path=C:\Users\José\Documents\UniLaSalle\I5-RIOC-FISE\JAVA\flight-api\target\quarkus\bootstrap\dev-app-model.dat -javaagent:C:\Users\José\.m2\repository\io\quarkus\quarkus-class-change-agent\3.5.1\quarkus-class-change-agent-3.5.1.jar -XX:TieredStopAtLevel=1 -agentlib:jdwp=transport=dt_socket,address=localhost:5005,server=y,suspend=n -Djava.util.logging.manager=org.jboss.logmanager.LogManager 
java_command: C:\Users\José\Documents\UniLaSalle\I5-RIOC-FISE\JAVA\flight-api\target\flight-api-dev.jar
java_class_path (initial): C:\Users\José\Documents\UniLaSalle\I5-RIOC-FISE\JAVA\flight-api\target\flight-api-dev.jar
Launcher Type: SUN_STANDARD

[Global flags]
     intx CICompilerCount                          = 3                                         {product} {ergonomic}
     uint ConcGCThreads                            = 1                                         {product} {ergonomic}
     uint G1ConcRefinementThreads                  = 4                                         {product} {ergonomic}
   size_t G1HeapRegionSize                         = 1048576                                   {product} {ergonomic}
    uintx GCDrainStackTargetSize                   = 64                                        {product} {ergonomic}
   size_t InitialHeapSize                          = 132120576                                 {product} {ergonomic}
   size_t MarkStackSize                            = 4194304                                   {product} {ergonomic}
   size_t MaxHeapSize                              = 2101346304                                {product} {ergonomic}
   size_t MaxNewSize                               = 1260388352                                {product} {ergonomic}
   size_t MinHeapDeltaBytes                        = 1048576                                   {product} {ergonomic}
   size_t MinHeapSize                              = 8388608                                   {product} {ergonomic}
    uintx NonProfiledCodeHeapSize                  = 0                                      {pd product} {ergonomic}
     bool ProfileInterpreter                       = false                                  {pd product} {command line}
    uintx ProfiledCodeHeapSize                     = 0                                      {pd product} {ergonomic}
   size_t SoftMaxHeapSize                          = 2101346304                             {manageable} {ergonomic}
     intx TieredStopAtLevel                        = 1                                         {product} {command line}
     bool UseCompressedClassPointers               = true                           {product lp64_product} {ergonomic}
     bool UseCompressedOops                        = true                           {product lp64_product} {ergonomic}
     bool UseG1GC                                  = true                                      {product} {ergonomic}
     bool UseLargePagesIndividualAllocation        = false                                  {pd product} {ergonomic}

Logging:
Log output configuration:
 #0: stdout all=warning uptime,level,tags
 #1: stderr all=off uptime,level,tags

Environment Variables:
JAVA_HOME=C:\Program Files\Microsoft\jdk-17.0.9.8-hotspot\
PATH=C:\Program Files\Microsoft\jdk-17.0.9.8-hotspot\bin;C:\Windows;C:\Windows\system32;C:\Windows\System32\Wbem;C:\Windows\System32\WindowsPowerShell\v1.0\;C:\Windows\System32\OpenSSH\;C:\WINDOWS;C:\WINDOWS\system32;C:\WINDOWS\System32\Wbem;C:\WINDOWS\System32\WindowsPowerShell\v1.0\;C:\WINDOWS\System32\OpenSSH\;C:\fasm\;C:\CLTT\NASM;C:\CLTT\bin_win32;C:\Program Files\Python39\;C:\Program Files\Python39\Scripts\;C:\Program Files (x86)\Microsoft Visual Studio\VC98\Bin;C:\Program Files (x86)\Microsoft Visual Studio\COMMON\MSDev98\Bin;C:\Program Files (x86)\Microsoft Visual Studio\COMMON\Tools;C:\ProgramData\Oracle\Java\javapath;C:\Program Files\Common Files\Oracle\Java\javapath;C:\Program Files (x86)\Common Files\Oracle\Java\javapath;C:\MinGW\msys\msys64\mingw64\bin;C:\MinGW\msys\msys64\mingw64;C:\Program Files\CMake\bin;C:\Program Files\ImageMagick-7.1.0-Q16-HDRI;C:\Program Files\RawTherapee\5.7;C:\Program Files (x86)\Cuminas\Document Express DjVu Plug-in\;C:\Program Files\dotnet\;C:\Program Files\Git\cmd;C:\Program Files (x86)\Windows Live\Shared;C:\adb;C:\Program Files (x86)\IVI Foundation\VISA\WinNT\Bin\;C:\Program Files\IVI Foundation\VISA\Win64\Bin\;C:\Program Files\MATLAB\R2023b\runtime\win64;C:\Program Files\MATLAB\R2023b\bin;C:\Program Files\MATLAB\R2020a\runtime\win64;C:\Program Files\MATLAB\R2020a\bin;C:\Program Files (x86)\Tesseract-OCR;c:\page;C:\Program Files\Pandoc\;C:\Program Files\Matrox Imaging\MIL\DLL;C:\Program Files\Matrox Imaging\Tools;C:\Strawberry\c\bin;C:\Strawberry\perl\site\bin;C:\Strawberry\perl\bin;C:\Program Files\nodejs\;C:\Program Files (x86)\Windows Kits\10\Windows Performance Toolkit\;C:\Program Files\PuTTY\;C:\Program Files (x86)\IVI Foundation\VISA\WinNT\Bin;C:\Program Files\Vagrant\bin;C:\Users\José\AppData\Local\Microsoft\WindowsApps;C:\Users\José\AppData\Local\Programs\MiKTeX\miktex\bin\x64\;C:\masm32\bin;C:\Users\José\AppData\Local\Programs\Microsoft VS Code\bin;C:\Users\José\AppData\Roaming\npm;C:\Users\José\AppData\Local\GitHubD
USERNAME=José
OS=Windows_NT
PROCESSOR_IDENTIFIER=Intel64 Family 6 Model 78 Stepping 3, GenuineIntel
TMP=C:\Users\JOS~1\AppData\Local\Temp
TEMP=C:\Users\JOS~1\AppData\Local\Temp



Periodic native trim disabled


---------------  S Y S T E M  ---------------

OS:
 Windows 10 , 64 bit Build 19041 (10.0.19041.3636)
OS uptime: 3 days 0:37 hours
Hyper-V role detected

CPU: total 4 (initial active 4) (2 cores per cpu, 2 threads per core) family 6 model 78 stepping 3 microcode 0xcc, cx8, cmov, fxsr, ht, mmx, 3dnowpref, sse, sse2, sse3, ssse3, sse4.1, sse4.2, popcnt, lzcnt, tsc, tscinvbit, avx, avx2, aes, erms, clmul, bmi1, bmi2, rtm, adx, fma, vzeroupper, clflush, clflushopt, hv
Processor Information for all 4 processors :
  Max Mhz: 2301, Current Mhz: 2300, Mhz Limit: 2277

Memory: 4k page, system-wide physical 8011M (75M free)
TotalPageFile size 12096M (AvailPageFile size 100M)
current process WorkingSet (physical memory assigned to process): 337M, peak: 337M
current process commit charge ("private bytes"): 393M, peak: 686M

vm_info: OpenJDK 64-Bit Server VM (17.0.9+8-LTS) for windows-amd64 JRE (17.0.9+8-LTS), built on Oct 17 2023 23:00:06 by "MicrosoftCorporation" with MS VC++ 16.10 / 16.11 (VS2019)

END.
